<?xml version="1.0" encoding="UTF-8"?>
<!-- Generated by org.testng.reporters.JUnitReportReporter -->
<testsuite hostname="b2ml20972" name="com.qa.test.TC003_UpdatePet_NameStatus_PUT" tests="2" failures="0" timestamp="19 Apr 2021 05:58:41 GMT" time="7.051" errors="0">
  <testcase name="updatePet" time="5.177" classname="com.qa.test.TC003_UpdatePet_NameStatus_PUT"/>
  <testcase name="updatePet" time="1.874" classname="com.qa.test.TC003_UpdatePet_NameStatus_PUT"/>
</testsuite> <!-- com.qa.test.TC003_UpdatePet_NameStatus_PUT -->
