<?xml version="1.0" encoding="UTF-8"?>
<!-- Generated by org.testng.reporters.JUnitReportReporter -->
<testsuite hostname="b2ml20972" name="com.qa.test.Pet_POST" tests="1" failures="0" timestamp="17 Apr 2021 20:01:45 GMT" time="12.862" errors="0">
  <testcase name="testPOST" time="12.862" classname="com.qa.test.Pet_POST"/>
</testsuite> <!-- com.qa.test.Pet_POST -->
