<?xml version="1.0" encoding="UTF-8"?>
<!-- Generated by org.testng.reporters.JUnitReportReporter -->
<testsuite hostname="b2ml20972" name="com.qa.test.TC003_UpdatePet_NameStatus_PUT" tests="2" failures="0" timestamp="19 Apr 2021 07:10:10 GMT" time="3.025" errors="0">
  <testcase name="updatePet" time="1.492" classname="com.qa.test.TC003_UpdatePet_NameStatus_PUT"/>
  <testcase name="updatePet" time="1.533" classname="com.qa.test.TC003_UpdatePet_NameStatus_PUT"/>
</testsuite> <!-- com.qa.test.TC003_UpdatePet_NameStatus_PUT -->
