<?xml version="1.0" encoding="UTF-8"?>
<!-- Generated by org.testng.reporters.JUnitReportReporter -->
<testsuite hostname="b2ml20972" name="com.qa.test.TC001_AddPets_POST" tests="3" failures="0" timestamp="18 Apr 2021 13:17:43 GMT" time="9.400" errors="0">
  <testcase name="addPet" time="1.788" classname="com.qa.test.TC001_AddPets_POST"/>
  <testcase name="addPet" time="1.696" classname="com.qa.test.TC001_AddPets_POST"/>
  <testcase name="addPet" time="5.916" classname="com.qa.test.TC001_AddPets_POST"/>
</testsuite> <!-- com.qa.test.TC001_AddPets_POST -->
